<?xml version="1.0" encoding="UTF-8"?>
<testsuite xmlns:xsi="http://www.w3.org/2001/XMLSchema-instance" xsi:noNamespaceSchemaLocation="https://maven.apache.org/surefire/maven-surefire-plugin/xsd/surefire-test-report-3.0.xsd" version="3.0" name="module01.ExerciseTest" time="0.07" tests="9" errors="0" skipped="0" failures="5">
  <properties>
[...]
</properties>
  <testcase name="testEx3_HashSet" classname="module01.ExerciseTest" time="0.028"/>
  <testcase name="testEx7_Iterator" classname="module01.ExerciseTest" time="0.005">
    <failure message="7a: evens removed = [1,3,5,7,9] ==&gt; expected: &lt;[1, 3, 5, 7, 9]&gt; but was: &lt;[1, 2, 3, 4, 5, 6, 7, 8, 9, 10]&gt;" type="org.opentest4j.AssertionFailedError"><![CDATA[org.opentest4j.AssertionFailedError: 7a: evens removed = [1,3,5,7,9] ==> expected: <[1, 3, 5, 7, 9]> but was: <[1, 2, 3, 4, 5, 6, 7, 8, 9, 10]>
	at org.junit.jupiter.api.AssertionFailureBuilder.build(AssertionFailureBuilder.java:151)
	at org.junit.jupiter.api.AssertionFailureBuilder.buildAndThrow(AssertionFailureBuilder.java:132)
	at org.junit.jupiter.api.AssertEquals.failNotEqual(AssertEquals.java:197)
	at org.junit.jupiter.api.AssertEquals.assertEquals(AssertEquals.java:182)
	at org.junit.jupiter.api.Assertions.assertEquals(Assertions.java:1152)
	at module01.ExerciseTest.testEx7_Iterator(ExerciseTest.java:92)
	at java.base/java.lang.reflect.Method.invoke(Method.java:580)
	at java.base/java.util.ArrayList.forEach(ArrayList.java:1596)
	at java.base/java.util.ArrayList.forEach(ArrayList.java:1596)
]]></failure>
  </testcase>
  <testcase name="testEx5_HashMap" classname="module01.ExerciseTest" time="0.002">
    <failure message="5a: apples = 75 ==&gt; expected: &lt;75&gt; but was: &lt;-1&gt;" type="org.opentest4j.AssertionFailedError"><![CDATA[org.opentest4j.AssertionFailedError: 5a: apples = 75 ==> expected: <75> but was: <-1>
	at org.junit.jupiter.api.AssertionFailureBuilder.build(AssertionFailureBuilder.java:151)
	at org.junit.jupiter.api.AssertionFailureBuilder.buildAndThrow(AssertionFailureBuilder.java:132)
	at org.junit.jupiter.api.AssertEquals.failNotEqual(AssertEquals.java:197)
	at org.junit.jupiter.api.AssertEquals.assertEquals(AssertEquals.java:150)
	at org.junit.jupiter.api.Assertions.assertEquals(Assertions.java:559)
	at module01.ExerciseTest.testEx5_HashMap(ExerciseTest.java:69)
	at java.base/java.lang.reflect.Method.invoke(Method.java:580)
	at java.base/java.util.ArrayList.forEach(ArrayList.java:1596)
	at java.base/java.util.ArrayList.forEach(ArrayList.java:1596)
]]></failure>
  </testcase>
  <testcase name="testEx4_TreeSet" classname="module01.ExerciseTest" time="0.002"/>
  <testcase name="testEx6_TreeMap" classname="module01.ExerciseTest" time="0.001">
    <failure message="6a: size = 3 ==&gt; expected: &lt;true&gt; but was: &lt;false&gt;" type="org.opentest4j.AssertionFailedError"><![CDATA[org.opentest4j.AssertionFailedError: 6a: size = 3 ==> expected: <true> but was: <false>
	at org.junit.jupiter.api.AssertionFailureBuilder.build(AssertionFailureBuilder.java:151)
	at org.junit.jupiter.api.AssertionFailureBuilder.buildAndThrow(AssertionFailureBuilder.java:132)
	at org.junit.jupiter.api.AssertTrue.failNotTrue(AssertTrue.java:63)
	at org.junit.jupiter.api.AssertTrue.assertTrue(AssertTrue.java:36)
	at org.junit.jupiter.api.Assertions.assertTrue(Assertions.java:210)
	at module01.ExerciseTest.testEx6_TreeMap(ExerciseTest.java:82)
	at java.base/java.lang.reflect.Method.invoke(Method.java:580)
	at java.base/java.util.ArrayList.forEach(ArrayList.java:1596)
	at java.base/java.util.ArrayList.forEach(ArrayList.java:1596)
]]></failure>
  </testcase>
  <testcase name="testEx8_Collections" classname="module01.ExerciseTest" time="0.001">
    <failure message="8a: sorted ascending ==&gt; expected: &lt;[1, 2, 3, 4, 5, 6, 7, 8, 9]&gt; but was: &lt;[5, 2, 8, 1, 9, 3, 7, 4, 6]&gt;" type="org.opentest4j.AssertionFailedError"><![CDATA[org.opentest4j.AssertionFailedError: 8a: sorted ascending ==> expected: <[1, 2, 3, 4, 5, 6, 7, 8, 9]> but was: <[5, 2, 8, 1, 9, 3, 7, 4, 6]>
	at org.junit.jupiter.api.AssertionFailureBuilder.build(AssertionFailureBuilder.java:151)
	at org.junit.jupiter.api.AssertionFailureBuilder.buildAndThrow(AssertionFailureBuilder.java:132)
	at org.junit.jupiter.api.AssertEquals.failNotEqual(AssertEquals.java:197)
	at org.junit.jupiter.api.AssertEquals.assertEquals(AssertEquals.java:182)
	at org.junit.jupiter.api.Assertions.assertEquals(Assertions.java:1152)
	at module01.ExerciseTest.testEx8_Collections(ExerciseTest.java:103)
	at java.base/java.lang.reflect.Method.invoke(Method.java:580)
	at java.base/java.util.ArrayList.forEach(ArrayList.java:1596)
	at java.base/java.util.ArrayList.forEach(ArrayList.java:1596)
]]></failure>
  </testcase>
  <testcase name="testEx2_LinkedList" classname="module01.ExerciseTest" time="0.001"/>
  <testcase name="testEx1_ArrayList" classname="module01.ExerciseTest" time="0.001"/>
  <testcase name="testChallenge" classname="module01.ExerciseTest" time="0.001">
    <failure message="challenge: &apos;the&apos; appears 3 ==&gt; expected: &lt;3&gt; but was: &lt;-1&gt;" type="org.opentest4j.AssertionFailedError"><![CDATA[org.opentest4j.AssertionFailedError: challenge: 'the' appears 3 ==> expected: <3> but was: <-1>
	at org.junit.jupiter.api.AssertionFailureBuilder.build(AssertionFailureBuilder.java:151)
	at org.junit.jupiter.api.AssertionFailureBuilder.buildAndThrow(AssertionFailureBuilder.java:132)
	at org.junit.jupiter.api.AssertEquals.failNotEqual(AssertEquals.java:197)
	at org.junit.jupiter.api.AssertEquals.assertEquals(AssertEquals.java:150)
	at org.junit.jupiter.api.Assertions.assertEquals(Assertions.java:559)
	at module01.ExerciseTest.testChallenge(ExerciseTest.java:118)
	at java.base/java.lang.reflect.Method.invoke(Method.java:580)
	at java.base/java.util.ArrayList.forEach(ArrayList.java:1596)
	at java.base/java.util.ArrayList.forEach(ArrayList.java:1596)
]]></failure>
  </testcase>
</testsuite>